{"uuid":"19980684-4230-4dd1-92ab-568948151e6a","historyId":"4b22ece4b090d22ea376de5c81fd93d0","fullName":"base.BaseTest.setUp","labels":[{"name":"package","value":"com.example.OrderPlacementNewUserTest"},{"name":"testClass","value":"com.example.OrderPlacementNewUserTest"},{"name":"testMethod","value":"setUp"},{"name":"parentSuite","value":"Default Suite"},{"name":"suite","value":"product-placemenet-magento"},{"name":"subSuite","value":"com.example.OrderPlacementNewUserTest"},{"name":"host","value":"DESKTOP-5AJT9MR"},{"name":"thread","value":"25516@DESKTOP-5AJT9MR.main(1)"},{"name":"framework","value":"testng"},{"name":"language","value":"java"},{"name":"epic","value":"Regression Tests"},{"name":"feature","value":"Order Placement"},{"name":"AS_ID","value":"-1"}],"links":[],"name":"setUp","status":"broken","statusDetails":{"known":false,"muted":false,"flaky":false,"message":"Could not start a new session. Possible causes are invalid address of the remote server or browser start-up failure. \nHost info: host: 'DESKTOP-5AJT9MR', ip: '192.168.0.139'","trace":"org.openqa.selenium.SessionNotCreatedException: Could not start a new session. Possible causes are invalid address of the remote server or browser start-up failure. \nHost info: host: 'DESKTOP-5AJT9MR', ip: '192.168.0.139'\r\n\tat org.openqa.selenium.remote.RemoteWebDriver.execute(RemoteWebDriver.java:536)\r\n\tat org.openqa.selenium.remote.RemoteWebDriver.startSession(RemoteWebDriver.java:232)\r\n\tat org.openqa.selenium.remote.RemoteWebDriver.<init>(RemoteWebDriver.java:161)\r\n\tat org.openqa.selenium.chromium.ChromiumDriver.<init>(ChromiumDriver.java:114)\r\n\tat org.openqa.selenium.chrome.ChromeDriver.<init>(ChromeDriver.java:88)\r\n\tat org.openqa.selenium.chrome.ChromeDriver.<init>(ChromeDriver.java:83)\r\n\tat org.openqa.selenium.chrome.ChromeDriver.<init>(ChromeDriver.java:72)\r\n\tat base.BaseTest.setUp(BaseTest.java:37)\r\n\tat java.base/jdk.internal.reflect.DirectMethodHandleAccessor.invoke(DirectMethodHandleAccessor.java:104)\r\n\tat java.base/java.lang.reflect.Method.invoke(Method.java:577)\r\n\tat org.testng.internal.invokers.MethodInvocationHelper.invokeMethod(MethodInvocationHelper.java:141)\r\n\tat org.testng.internal.invokers.MethodInvocationHelper.invokeMethodConsideringTimeout(MethodInvocationHelper.java:71)\r\n\tat org.testng.internal.invokers.ConfigInvoker.invokeConfigurationMethod(ConfigInvoker.java:400)\r\n\tat org.testng.internal.invokers.ConfigInvoker.invokeConfigurations(ConfigInvoker.java:333)\r\n\tat org.testng.internal.invokers.TestMethodWorker.invokeBeforeClassMethods(TestMethodWorker.java:188)\r\n\tat org.testng.internal.invokers.TestMethodWorker.run(TestMethodWorker.java:128)\r\n\tat java.base/java.util.ArrayList.forEach(ArrayList.java:1511)\r\n\tat org.testng.TestRunner.privateRun(TestRunner.java:739)\r\n\tat org.testng.TestRunner.run(TestRunner.java:614)\r\n\tat org.testng.SuiteRunner.runTest(SuiteRunner.java:421)\r\n\tat org.testng.SuiteRunner.runSequentially(SuiteRunner.java:413)\r\n\tat org.testng.SuiteRunner.privateRun(SuiteRunner.java:373)\r\n\tat org.testng.SuiteRunner.run(SuiteRunner.java:312)\r\n\tat org.testng.SuiteRunnerWorker.runSuite(SuiteRunnerWorker.java:52)\r\n\tat org.testng.SuiteRunnerWorker.run(SuiteRunnerWorker.java:95)\r\n\tat org.testng.TestNG.runSuitesSequentially(TestNG.java:1274)\r\n\tat org.testng.TestNG.runSuitesLocally(TestNG.java:1208)\r\n\tat org.testng.TestNG.runSuites(TestNG.java:1112)\r\n\tat org.testng.TestNG.run(TestNG.java:1079)\r\n\tat com.intellij.rt.testng.IDEARemoteTestNG.run(IDEARemoteTestNG.java:66)\r\n\tat com.intellij.rt.testng.RemoteTestNGStarter.main(RemoteTestNGStarter.java:109)\r\nCaused by: org.openqa.selenium.TimeoutException: java.util.concurrent.TimeoutException\nBuild info: version: '4.21.0', revision: '79ed462ef4'\nSystem info: os.name: 'Windows 10', os.arch: 'amd64', os.version: '10.0', java.version: '18.0.2'\nDriver info: driver.version: ChromeDriver\r\n\tat org.openqa.selenium.remote.http.jdk.JdkHttpClient.execute0(JdkHttpClient.java:399)\r\n\tat org.openqa.selenium.remote.http.AddSeleniumUserAgent.lambda$apply$0(AddSeleniumUserAgent.java:42)\r\n\tat org.openqa.selenium.remote.http.Filter.lambda$andFinally$1(Filter.java:55)\r\n\tat org.openqa.selenium.remote.http.jdk.JdkHttpClient.execute(JdkHttpClient.java:355)\r\n\tat org.openqa.selenium.remote.ProtocolHandshake.createSession(ProtocolHandshake.java:89)\r\n\tat org.openqa.selenium.remote.ProtocolHandshake.createSession(ProtocolHandshake.java:75)\r\n\tat org.openqa.selenium.remote.ProtocolHandshake.createSession(ProtocolHandshake.java:61)\r\n\tat org.openqa.selenium.remote.HttpCommandExecutor.execute(HttpCommandExecutor.java:162)\r\n\tat org.openqa.selenium.remote.service.DriverCommandExecutor.invokeExecute(DriverCommandExecutor.java:216)\r\n\tat org.openqa.selenium.remote.service.DriverCommandExecutor.execute(DriverCommandExecutor.java:174)\r\n\tat org.openqa.selenium.remote.RemoteWebDriver.execute(RemoteWebDriver.java:518)\r\n\t... 30 more\r\nCaused by: java.util.concurrent.TimeoutException\r\n\tat java.base/java.util.concurrent.CompletableFuture.timedGet(CompletableFuture.java:1960)\r\n\tat java.base/java.util.concurrent.CompletableFuture.get(CompletableFuture.java:2095)\r\n\tat org.openqa.selenium.remote.http.jdk.JdkHttpClient.execute0(JdkHttpClient.java:382)\r\n\t... 40 more\r\n"},"stage":"finished","steps":[],"attachments":[],"parameters":[],"start":1753375578317,"stop":1753375578317}